2025-12-12T20:44:06.3104730Z ##[group]Run poetry run pytest tests/ -v --cov=src --cov-report=xml --cov-report=term --timeout=60
2025-12-12T20:44:06.3105397Z [36;1mpoetry run pytest tests/ -v --cov=src --cov-report=xml --cov-report=term --timeout=60[0m
2025-12-12T20:44:06.3174224Z shell: C:\Program Files\PowerShell\7\pwsh.EXE -command ". '{0}'"
2025-12-12T20:44:06.3174529Z env:
2025-12-12T20:44:06.3174707Z   PYTHON_VERSION_DEFAULT: 3.11
2025-12-12T20:44:06.3174980Z   pythonLocation: C:\hostedtoolcache\windows\Python\3.11.9\x64
2025-12-12T20:44:06.3175368Z   PKG_CONFIG_PATH: C:\hostedtoolcache\windows\Python\3.11.9\x64/lib/pkgconfig
2025-12-12T20:44:06.3175763Z   Python_ROOT_DIR: C:\hostedtoolcache\windows\Python\3.11.9\x64
2025-12-12T20:44:06.3176100Z   Python2_ROOT_DIR: C:\hostedtoolcache\windows\Python\3.11.9\x64
2025-12-12T20:44:06.3176438Z   Python3_ROOT_DIR: C:\hostedtoolcache\windows\Python\3.11.9\x64
2025-12-12T20:44:06.3176696Z ##[endgroup]
2025-12-12T20:44:10.9117120Z ============================= test session starts =============================
2025-12-12T20:44:10.9118224Z platform win32 -- Python 3.11.9, pytest-9.0.2, pluggy-1.6.0 -- D:\a\Stack\Stack\.venv\Scripts\python.exe
2025-12-12T20:44:10.9119039Z cachedir: .pytest_cache
2025-12-12T20:44:10.9119721Z hypothesis profile 'ci' -> database=None, deadline=None, print_blob=True, derandomize=True, suppress_health_check=(HealthCheck.too_slow,)
2025-12-12T20:44:10.9120304Z rootdir: D:\a\Stack\Stack
2025-12-12T20:44:10.9120550Z configfile: pyproject.toml
2025-12-12T20:44:10.9120913Z plugins: anyio-4.12.0, hypothesis-6.148.7, cov-7.0.0, timeout-2.4.0, xdist-3.8.0
2025-12-12T20:44:10.9121307Z timeout: 60.0s
2025-12-12T20:44:10.9121496Z timeout method: thread
2025-12-12T20:44:10.9121713Z timeout func_only: False
2025-12-12T20:44:11.4804585Z collecting ... collected 74 items
2025-12-12T20:44:11.4804982Z 
2025-12-12T20:44:11.4846757Z tests/test_config_models.py::TestSecurityConfig::test_default_values PASSED [  1%]
2025-12-12T20:44:11.4867834Z tests/test_config_models.py::TestSecurityConfig::test_paranoid_level PASSED [  2%]
2025-12-12T20:44:11.4892720Z tests/test_config_models.py::TestSecurityConfig::test_frozen_config PASSED [  4%]
2025-12-12T20:44:11.4913816Z tests/test_config_models.py::TestSecurityConfig::test_extra_fields_forbidden PASSED [  5%]
2025-12-12T20:44:11.4933869Z tests/test_config_models.py::TestDependencyConfig::test_default_values PASSED [  6%]
2025-12-12T20:44:11.4953986Z tests/test_config_models.py::TestDependencyConfig::test_custom_dependencies PASSED [  8%]
2025-12-12T20:44:11.4975943Z tests/test_config_models.py::TestLoggingConfig::test_default_values PASSED [  9%]
2025-12-12T20:44:11.4996000Z tests/test_config_models.py::TestLoggingConfig::test_valid_levels PASSED [ 10%]
2025-12-12T20:44:11.5016163Z tests/test_config_models.py::TestLoggingConfig::test_invalid_level_rejected PASSED [ 12%]
2025-12-12T20:44:11.5043709Z tests/test_config_models.py::TestStackConfig::test_default_values PASSED [ 13%]
2025-12-12T20:44:11.5066298Z tests/test_config_models.py::TestStackConfig::test_valid_project_name PASSED [ 14%]
2025-12-12T20:44:11.5098876Z tests/test_config_models.py::TestStackConfig::test_invalid_project_name_rejected PASSED [ 16%]
2025-12-12T20:44:11.5124384Z tests/test_config_models.py::TestStackConfig::test_valid_python_version PASSED [ 17%]
2025-12-12T20:44:11.5150116Z tests/test_config_models.py::TestStackConfig::test_invalid_python_version_rejected PASSED [ 18%]
2025-12-12T20:44:11.5448683Z tests/test_config_models.py::TestStackConfig::test_path_traversal_rejected PASSED [ 20%]
2025-12-12T20:44:11.5478320Z tests/test_config_models.py::TestStackConfig::test_paranoid_requires_all_tools PASSED [ 21%]
2025-12-12T20:44:11.5501715Z tests/test_config_models.py::TestStackConfig::test_to_target_version PASSED [ 22%]
2025-12-12T20:44:11.5527103Z tests/test_config_models.py::TestStackConfig::test_nested_configs PASSED [ 24%]
2025-12-12T20:44:11.5547321Z tests/test_example.py::test_greet PASSED                                 [ 25%]
2025-12-12T20:44:11.5568843Z tests/test_example.py::test_greet_empty PASSED                           [ 27%]
2025-12-12T20:44:11.6581735Z tests/test_secure_system.py::test_create_user_success PASSED             [ 28%]
2025-12-12T20:44:11.6607012Z tests/test_secure_system.py::test_create_user_invalid_email PASSED       [ 29%]
2025-12-12T20:44:11.6631459Z tests/test_secure_system.py::test_create_user_invalid_username PASSED    [ 31%]
2025-12-12T20:44:11.6659530Z tests/test_secure_system.py::test_get_non_existent_user PASSED           [ 32%]
2025-12-12T20:44:11.6713295Z tests/test_security_guards.py::TestGuardPathTraversal::test_safe_path_passes PASSED [ 33%]
2025-12-12T20:44:11.6769079Z tests/test_security_guards.py::TestGuardPathTraversal::test_relative_path_within_base PASSED [ 35%]
2025-12-12T20:44:11.6810839Z tests/test_security_guards.py::TestGuardPathTraversal::test_path_traversal_blocked PASSED [ 36%]
2025-12-12T20:44:11.6850945Z tests/test_security_guards.py::TestGuardPathTraversal::test_double_dot_blocked PASSED [ 37%]
2025-12-12T20:44:11.6892849Z tests/test_security_guards.py::TestGuardPathTraversal::test_url_encoded_traversal_blocked PASSED [ 39%]
2025-12-12T20:44:11.7329666Z tests/test_security_guards.py::TestGuardPathTraversal::test_path_escapes_base_dir FAILED [ 40%]
2025-12-12T20:44:11.7354843Z tests/test_security_guards.py::TestGuardCommandInjection::test_safe_command_passes PASSED [ 41%]
2025-12-12T20:44:11.7377890Z tests/test_security_guards.py::TestGuardCommandInjection::test_empty_command_blocked PASSED [ 43%]
2025-12-12T20:44:11.7399968Z tests/test_security_guards.py::TestGuardCommandInjection::test_semicolon_blocked PASSED [ 44%]
2025-12-12T20:44:11.7422385Z tests/test_security_guards.py::TestGuardCommandInjection::test_pipe_blocked PASSED [ 45%]
2025-12-12T20:44:11.7444150Z tests/test_security_guards.py::TestGuardCommandInjection::test_backtick_blocked PASSED [ 47%]
2025-12-12T20:44:11.7464804Z tests/test_security_guards.py::TestGuardCommandInjection::test_dollar_expansion_blocked PASSED [ 48%]
2025-12-12T20:44:11.7485426Z tests/test_security_guards.py::TestGuardCommandInjection::test_allowed_commands_whitelist PASSED [ 50%]
2025-12-12T20:44:11.7505799Z tests/test_security_guards.py::TestGuardCommandInjection::test_command_not_in_whitelist_blocked PASSED [ 51%]
2025-12-12T20:44:11.7526262Z tests/test_security_guards.py::TestGuardFileExtension::test_safe_extension_passes PASSED [ 52%]
2025-12-12T20:44:11.7547156Z tests/test_security_guards.py::TestGuardFileExtension::test_dangerous_extension_blocked PASSED [ 54%]
2025-12-12T20:44:11.7569696Z tests/test_security_guards.py::TestGuardFileExtension::test_custom_denied_extensions PASSED [ 55%]
2025-12-12T20:44:11.7591662Z tests/test_security_guards.py::TestGuardFileExtension::test_extension_with_dot PASSED [ 56%]
2025-12-12T20:44:11.7615649Z tests/test_security_validators.py::TestValidateProjectName::test_valid_project_name PASSED [ 58%]
2025-12-12T20:44:11.7639351Z tests/test_security_validators.py::TestValidateProjectName::test_empty_name_rejected PASSED [ 59%]
2025-12-12T20:44:11.7662605Z tests/test_security_validators.py::TestValidateProjectName::test_name_must_start_with_letter PASSED [ 60%]
2025-12-12T20:44:11.7684904Z tests/test_security_validators.py::TestValidateProjectName::test_reserved_names_rejected PASSED [ 62%]
2025-12-12T20:44:11.7708042Z tests/test_security_validators.py::TestValidateProjectName::test_max_length_enforced PASSED [ 63%]
2025-12-12T20:44:11.7728439Z tests/test_security_validators.py::TestValidatePythonVersion::test_valid_versions PASSED [ 64%]
2025-12-12T20:44:11.7750573Z tests/test_security_validators.py::TestValidatePythonVersion::test_invalid_format_rejected PASSED [ 66%]
2025-12-12T20:44:11.7776287Z tests/test_security_validators.py::TestValidatePythonVersion::test_unsupported_version_rejected PASSED [ 67%]
2025-12-12T20:44:11.7800328Z tests/test_security_validators.py::TestValidateEmail::test_valid_emails PASSED [ 68%]
2025-12-12T20:44:11.7820788Z tests/test_security_validators.py::TestValidateEmail::test_empty_email_rejected PASSED [ 70%]
2025-12-12T20:44:11.7843668Z tests/test_security_validators.py::TestValidateEmail::test_invalid_format_rejected PASSED [ 71%]
2025-12-12T20:44:11.7866717Z tests/test_security_validators.py::TestValidateUrl::test_valid_urls PASSED [ 72%]
2025-12-12T20:44:11.7888057Z tests/test_security_validators.py::TestValidateUrl::test_empty_url_rejected PASSED [ 74%]
2025-12-12T20:44:11.7909864Z tests/test_security_validators.py::TestValidateUrl::test_missing_scheme_rejected PASSED [ 75%]
2025-12-12T20:44:11.7932077Z tests/test_security_validators.py::TestValidateUrl::test_invalid_scheme_rejected PASSED [ 77%]
2025-12-12T20:44:11.7952481Z tests/test_security_validators.py::TestValidateIpAddress::test_valid_ipv4 PASSED [ 78%]
2025-12-12T20:44:11.7973640Z tests/test_security_validators.py::TestValidateIpAddress::test_valid_ipv6 PASSED [ 79%]
2025-12-12T20:44:11.7995778Z tests/test_security_validators.py::TestValidateIpAddress::test_invalid_ip_rejected PASSED [ 81%]
2025-12-12T20:44:11.8015975Z tests/test_security_validators.py::TestValidatePort::test_valid_ports PASSED [ 82%]
2025-12-12T20:44:11.8037643Z tests/test_security_validators.py::TestValidatePort::test_invalid_port_rejected PASSED [ 83%]
2025-12-12T20:44:11.8059241Z tests/test_security_validators.py::TestValidatePort::test_privileged_ports_blocked PASSED [ 85%]
2025-12-12T20:44:11.8084302Z tests/test_security_validators.py::TestValidateSemver::test_valid_semver PASSED [ 86%]
2025-12-12T20:44:11.8109011Z tests/test_security_validators.py::TestValidateSemver::test_invalid_semver_rejected PASSED [ 87%]
2025-12-12T20:44:11.8642356Z tests/test_stack_script.py::test_dry_run_does_not_create_files PASSED    [ 89%]
2025-12-12T20:44:11.9128994Z tests/test_stack_script.py::test_safe_write_creates_backup PASSED        [ 90%]
2025-12-12T20:44:11.9537034Z tests/test_stack_script.py::test_force_mode_overwrites_without_backup PASSED [ 91%]
2025-12-12T20:44:12.0281137Z tests/test_stack_script.py::test_idempotency_for_pyproject_toml PASSED   [ 93%]
2025-12-12T20:44:12.0657735Z tests/test_stack_script.py::test_git_initialization PASSED               [ 94%]
2025-12-12T20:44:12.1109464Z tests/test_stack_script.py::test_project_structure_creation PASSED       [ 95%]
2025-12-12T20:44:12.1528744Z tests/test_stack_script.py::test_optional_dependencies_flag PASSED       [ 97%]
2025-12-12T20:44:12.1960027Z tests/test_stack_script.py::test_install_runtime_deps_flag PASSED        [ 98%]
2025-12-12T20:44:13.0610971Z tests/test_stack_script.py::test_python_version_detection PASSED         [100%]
2025-12-12T20:44:13.0612207Z ERROR: Coverage failure: total of 36 is less than fail-under=80
2025-12-12T20:44:13.0612480Z 
2025-12-12T20:44:13.0612488Z 
2025-12-12T20:44:13.0612609Z ================================== FAILURES ===================================
2025-12-12T20:44:13.0613035Z ______________ TestGuardPathTraversal.test_path_escapes_base_dir ______________
2025-12-12T20:44:13.0613333Z 
2025-12-12T20:44:13.0613636Z self = <tests.test_security_guards.TestGuardPathTraversal object at 0x00000270DCE2A690>
2025-12-12T20:44:13.0614402Z tmp_path = WindowsPath('C:/Users/runneradmin/AppData/Local/Temp/pytest-of-runneradmin/pytest-0/test_path_escapes_base_dir0')
2025-12-12T20:44:13.0614901Z 
2025-12-12T20:44:13.0615084Z     def test_path_escapes_base_dir(self, tmp_path: Path) -> None:
2025-12-12T20:44:13.0615482Z         """Test that paths escaping base dir are blocked."""
2025-12-12T20:44:13.0615810Z         with TemporaryDirectory() as other_dir:
2025-12-12T20:44:13.0616147Z             with pytest.raises(SecurityError) as exc_info:
2025-12-12T20:44:13.0616494Z                 guard_path_traversal(Path(other_dir), tmp_path)
2025-12-12T20:44:13.0616868Z >           assert "escapes base directory" in str(exc_info.value)
2025-12-12T20:44:13.0617416Z E           AssertionError: assert 'escapes base directory' in '[path_traversal] Path traversal pattern detected: ~'
2025-12-12T20:44:13.0618217Z E            +  where '[path_traversal] Path traversal pattern detected: ~' = str(SecurityError('[path_traversal] Path traversal pattern detected: ~'))
2025-12-12T20:44:13.0620357Z E            +    where SecurityError('[path_traversal] Path traversal pattern detected: ~') = <ExceptionInfo SecurityError('[path_traversal] Path traversal pattern detected: ~') tblen=2>.value
2025-12-12T20:44:13.0620996Z 
2025-12-12T20:44:13.0621137Z tests\test_security_guards.py:60: AssertionError
2025-12-12T20:44:13.0621458Z =============================== tests coverage ================================
2025-12-12T20:44:13.0621869Z _______________ coverage: platform win32, python 3.11.9-final-0 _______________
2025-12-12T20:44:13.0622147Z 
2025-12-12T20:44:13.0622283Z Name                               Stmts   Miss Branch BrPart  Cover   Missing
2025-12-12T20:44:13.0622665Z ------------------------------------------------------------------------------
2025-12-12T20:44:13.0623044Z src\app\__init__.py                    1      0      0      0   100%
2025-12-12T20:44:13.0623414Z src\app\main.py                        8      2      0      0    75%   25-26
2025-12-12T20:44:13.0623791Z src\app\secure_system.py              45      0      2      0   100%
2025-12-12T20:44:13.0624158Z src\stack\__init__.py                  5      0      0      0   100%
2025-12-12T20:44:13.0624533Z src\stack\config\__init__.py           3      0      0      0   100%
2025-12-12T20:44:13.0624985Z src\stack\config\generators.py        34     25     14      0    19%   27-28, 124-182, 218, 264, 311, 349-357
2025-12-12T20:44:13.0625459Z src\stack\config\models.py            73      2     12      1    96%   235-236
2025-12-12T20:44:13.0625872Z src\stack\security\__init__.py         4      0      0      0   100%
2025-12-12T20:44:13.0626306Z src\stack\security\guards.py          83     25     44      4    66%   100-101, 109-110, 117->125, 119, 250->259, 253, 283-348
2025-12-12T20:44:13.0626755Z src\stack\security\sanitizers.py     104     95     58      0     6%   40-70, 100-152, 177-224, 244-260, 278-297
2025-12-12T20:44:13.0627330Z src\stack\security\validators.py     125     25     54     11    80%   54->56, 56->59, 65-66, 114-116, 160-161, 164-165, 196-198, 209-210, 212->221, 218-219, 251-252, 255-256, 259-260, 285-287
2025-12-12T20:44:13.0627831Z src\stack\utils\__init__.py            4      4      0      0     0%   3-7
2025-12-12T20:44:13.0628184Z src\stack\utils\filesystem.py        113    113     62      0     0%   8-349
2025-12-12T20:44:13.0630823Z src\stack\utils\logging.py            99     99     32      0     0%   8-324
2025-12-12T20:44:13.0631446Z src\stack\utils\subprocess.py         73     73     26      0     0%   8-340
2025-12-12T20:44:13.0631778Z ------------------------------------------------------------------------------
2025-12-12T20:44:13.0632079Z TOTAL                                774    463    304     16    36%
2025-12-12T20:44:13.0632319Z Coverage HTML written to dir htmlcov
2025-12-12T20:44:13.0632562Z Coverage XML written to file coverage.xml
2025-12-12T20:44:13.0632893Z FAIL Required test coverage of 80.0% not reached. Total coverage: 36.46%
2025-12-12T20:44:13.0633217Z =========================== short test summary info ===========================
2025-12-12T20:44:13.0633939Z FAILED tests/test_security_guards.py::TestGuardPathTraversal::test_path_escapes_base_dir - AssertionError: assert 'escapes base directory' in '[path_traversal] Path traversal pattern detected: ~'
2025-12-12T20:44:13.0634840Z  +  where '[path_traversal] Path traversal pattern detected: ~' = str(SecurityError('[path_traversal] Path traversal pattern detected: ~'))
2025-12-12T20:44:13.0635687Z  +    where SecurityError('[path_traversal] Path traversal pattern detected: ~') = <ExceptionInfo SecurityError('[path_traversal] Path traversal pattern detected: ~') tblen=2>.value
2025-12-12T20:44:13.0636311Z ======================== 1 failed, 73 passed in 3.15s =========================
2025-12-12T20:44:13.3836953Z ##[error]Process completed with exit code 1.
