2025-12-12T20:44:25.5389972Z ##[group]Run poetry run pytest tests/ -v --cov=src --cov-report=xml --cov-report=term --timeout=60
2025-12-12T20:44:25.5390689Z [36;1mpoetry run pytest tests/ -v --cov=src --cov-report=xml --cov-report=term --timeout=60[0m
2025-12-12T20:44:25.5462128Z shell: C:\Program Files\PowerShell\7\pwsh.EXE -command ". '{0}'"
2025-12-12T20:44:25.5462455Z env:
2025-12-12T20:44:25.5462636Z   PYTHON_VERSION_DEFAULT: 3.11
2025-12-12T20:44:25.5462926Z   pythonLocation: C:\hostedtoolcache\windows\Python\3.13.11\x64
2025-12-12T20:44:25.5463354Z   PKG_CONFIG_PATH: C:\hostedtoolcache\windows\Python\3.13.11\x64/lib/pkgconfig
2025-12-12T20:44:25.5463758Z   Python_ROOT_DIR: C:\hostedtoolcache\windows\Python\3.13.11\x64
2025-12-12T20:44:25.5464600Z   Python2_ROOT_DIR: C:\hostedtoolcache\windows\Python\3.13.11\x64
2025-12-12T20:44:25.5464971Z   Python3_ROOT_DIR: C:\hostedtoolcache\windows\Python\3.13.11\x64
2025-12-12T20:44:25.5465248Z ##[endgroup]
2025-12-12T20:44:33.4677340Z ============================= test session starts =============================
2025-12-12T20:44:33.4678369Z platform win32 -- Python 3.13.11, pytest-9.0.2, pluggy-1.6.0 -- D:\a\Stack\Stack\.venv\Scripts\python.exe
2025-12-12T20:44:33.4679095Z cachedir: .pytest_cache
2025-12-12T20:44:33.4679915Z hypothesis profile 'ci' -> database=None, deadline=None, print_blob=True, derandomize=True, suppress_health_check=(HealthCheck.too_slow,)
2025-12-12T20:44:33.4680870Z rootdir: D:\a\Stack\Stack
2025-12-12T20:44:33.4681225Z configfile: pyproject.toml
2025-12-12T20:44:33.4681810Z plugins: anyio-4.12.0, hypothesis-6.148.7, cov-7.0.0, timeout-2.4.0, xdist-3.8.0
2025-12-12T20:44:33.4682402Z timeout: 60.0s
2025-12-12T20:44:33.4682675Z timeout method: thread
2025-12-12T20:44:33.4682971Z timeout func_only: False
2025-12-12T20:44:34.1411578Z collecting ... collected 74 items
2025-12-12T20:44:34.1411858Z 
2025-12-12T20:44:34.1451536Z tests/test_config_models.py::TestSecurityConfig::test_default_values PASSED [  1%]
2025-12-12T20:44:34.1474534Z tests/test_config_models.py::TestSecurityConfig::test_paranoid_level PASSED [  2%]
2025-12-12T20:44:34.1501349Z tests/test_config_models.py::TestSecurityConfig::test_frozen_config PASSED [  4%]
2025-12-12T20:44:34.1523387Z tests/test_config_models.py::TestSecurityConfig::test_extra_fields_forbidden PASSED [  5%]
2025-12-12T20:44:34.1544856Z tests/test_config_models.py::TestDependencyConfig::test_default_values PASSED [  6%]
2025-12-12T20:44:34.1566289Z tests/test_config_models.py::TestDependencyConfig::test_custom_dependencies PASSED [  8%]
2025-12-12T20:44:34.1587201Z tests/test_config_models.py::TestLoggingConfig::test_default_values PASSED [  9%]
2025-12-12T20:44:34.1608400Z tests/test_config_models.py::TestLoggingConfig::test_valid_levels PASSED [ 10%]
2025-12-12T20:44:34.1629932Z tests/test_config_models.py::TestLoggingConfig::test_invalid_level_rejected PASSED [ 12%]
2025-12-12T20:44:34.1658455Z tests/test_config_models.py::TestStackConfig::test_default_values PASSED [ 13%]
2025-12-12T20:44:34.1681911Z tests/test_config_models.py::TestStackConfig::test_valid_project_name PASSED [ 14%]
2025-12-12T20:44:34.1712095Z tests/test_config_models.py::TestStackConfig::test_invalid_project_name_rejected PASSED [ 16%]
2025-12-12T20:44:34.1744649Z tests/test_config_models.py::TestStackConfig::test_valid_python_version PASSED [ 17%]
2025-12-12T20:44:34.1769439Z tests/test_config_models.py::TestStackConfig::test_invalid_python_version_rejected PASSED [ 18%]
2025-12-12T20:44:34.2358506Z tests/test_config_models.py::TestStackConfig::test_path_traversal_rejected PASSED [ 20%]
2025-12-12T20:44:34.2395337Z tests/test_config_models.py::TestStackConfig::test_paranoid_requires_all_tools PASSED [ 21%]
2025-12-12T20:44:34.2445001Z tests/test_config_models.py::TestStackConfig::test_to_target_version PASSED [ 22%]
2025-12-12T20:44:34.2470535Z tests/test_config_models.py::TestStackConfig::test_nested_configs PASSED [ 24%]
2025-12-12T20:44:34.2492147Z tests/test_example.py::test_greet PASSED                                 [ 25%]
2025-12-12T20:44:34.2522224Z tests/test_example.py::test_greet_empty PASSED                           [ 27%]
2025-12-12T20:44:34.3557640Z tests/test_secure_system.py::test_create_user_success PASSED             [ 28%]
2025-12-12T20:44:34.3579349Z tests/test_secure_system.py::test_create_user_invalid_email PASSED       [ 29%]
2025-12-12T20:44:34.3601731Z tests/test_secure_system.py::test_create_user_invalid_username PASSED    [ 31%]
2025-12-12T20:44:34.3629149Z tests/test_secure_system.py::test_get_non_existent_user PASSED           [ 32%]
2025-12-12T20:44:34.3677848Z tests/test_security_guards.py::TestGuardPathTraversal::test_safe_path_passes PASSED [ 33%]
2025-12-12T20:44:34.3734800Z tests/test_security_guards.py::TestGuardPathTraversal::test_relative_path_within_base PASSED [ 35%]
2025-12-12T20:44:34.3779800Z tests/test_security_guards.py::TestGuardPathTraversal::test_path_traversal_blocked PASSED [ 36%]
2025-12-12T20:44:34.3818576Z tests/test_security_guards.py::TestGuardPathTraversal::test_double_dot_blocked PASSED [ 37%]
2025-12-12T20:44:34.3864692Z tests/test_security_guards.py::TestGuardPathTraversal::test_url_encoded_traversal_blocked PASSED [ 39%]
2025-12-12T20:44:34.4308337Z tests/test_security_guards.py::TestGuardPathTraversal::test_path_escapes_base_dir FAILED [ 40%]
2025-12-12T20:44:34.4333334Z tests/test_security_guards.py::TestGuardCommandInjection::test_safe_command_passes PASSED [ 41%]
2025-12-12T20:44:34.4354711Z tests/test_security_guards.py::TestGuardCommandInjection::test_empty_command_blocked PASSED [ 43%]
2025-12-12T20:44:34.4376510Z tests/test_security_guards.py::TestGuardCommandInjection::test_semicolon_blocked PASSED [ 44%]
2025-12-12T20:44:34.4397861Z tests/test_security_guards.py::TestGuardCommandInjection::test_pipe_blocked PASSED [ 45%]
2025-12-12T20:44:34.4418753Z tests/test_security_guards.py::TestGuardCommandInjection::test_backtick_blocked PASSED [ 47%]
2025-12-12T20:44:34.4440509Z tests/test_security_guards.py::TestGuardCommandInjection::test_dollar_expansion_blocked PASSED [ 48%]
2025-12-12T20:44:34.4461716Z tests/test_security_guards.py::TestGuardCommandInjection::test_allowed_commands_whitelist PASSED [ 50%]
2025-12-12T20:44:34.4483392Z tests/test_security_guards.py::TestGuardCommandInjection::test_command_not_in_whitelist_blocked PASSED [ 51%]
2025-12-12T20:44:34.4504979Z tests/test_security_guards.py::TestGuardFileExtension::test_safe_extension_passes PASSED [ 52%]
2025-12-12T20:44:34.4526589Z tests/test_security_guards.py::TestGuardFileExtension::test_dangerous_extension_blocked PASSED [ 54%]
2025-12-12T20:44:34.4548758Z tests/test_security_guards.py::TestGuardFileExtension::test_custom_denied_extensions PASSED [ 55%]
2025-12-12T20:44:34.4571343Z tests/test_security_guards.py::TestGuardFileExtension::test_extension_with_dot PASSED [ 56%]
2025-12-12T20:44:34.4595417Z tests/test_security_validators.py::TestValidateProjectName::test_valid_project_name PASSED [ 58%]
2025-12-12T20:44:34.4617500Z tests/test_security_validators.py::TestValidateProjectName::test_empty_name_rejected PASSED [ 59%]
2025-12-12T20:44:34.4640194Z tests/test_security_validators.py::TestValidateProjectName::test_name_must_start_with_letter PASSED [ 60%]
2025-12-12T20:44:34.4662209Z tests/test_security_validators.py::TestValidateProjectName::test_reserved_names_rejected PASSED [ 62%]
2025-12-12T20:44:34.4686547Z tests/test_security_validators.py::TestValidateProjectName::test_max_length_enforced PASSED [ 63%]
2025-12-12T20:44:34.4707888Z tests/test_security_validators.py::TestValidatePythonVersion::test_valid_versions PASSED [ 64%]
2025-12-12T20:44:34.4731006Z tests/test_security_validators.py::TestValidatePythonVersion::test_invalid_format_rejected PASSED [ 66%]
2025-12-12T20:44:34.4753889Z tests/test_security_validators.py::TestValidatePythonVersion::test_unsupported_version_rejected PASSED [ 67%]
2025-12-12T20:44:34.4777124Z tests/test_security_validators.py::TestValidateEmail::test_valid_emails PASSED [ 68%]
2025-12-12T20:44:34.4798649Z tests/test_security_validators.py::TestValidateEmail::test_empty_email_rejected PASSED [ 70%]
2025-12-12T20:44:34.4821246Z tests/test_security_validators.py::TestValidateEmail::test_invalid_format_rejected PASSED [ 71%]
2025-12-12T20:44:34.4842807Z tests/test_security_validators.py::TestValidateUrl::test_valid_urls PASSED [ 72%]
2025-12-12T20:44:34.4863588Z tests/test_security_validators.py::TestValidateUrl::test_empty_url_rejected PASSED [ 74%]
2025-12-12T20:44:34.4886161Z tests/test_security_validators.py::TestValidateUrl::test_missing_scheme_rejected PASSED [ 75%]
2025-12-12T20:44:34.4907817Z tests/test_security_validators.py::TestValidateUrl::test_invalid_scheme_rejected PASSED [ 77%]
2025-12-12T20:44:34.4928935Z tests/test_security_validators.py::TestValidateIpAddress::test_valid_ipv4 PASSED [ 78%]
2025-12-12T20:44:34.4950338Z tests/test_security_validators.py::TestValidateIpAddress::test_valid_ipv6 PASSED [ 79%]
2025-12-12T20:44:34.4972519Z tests/test_security_validators.py::TestValidateIpAddress::test_invalid_ip_rejected PASSED [ 81%]
2025-12-12T20:44:34.4992751Z tests/test_security_validators.py::TestValidatePort::test_valid_ports PASSED [ 82%]
2025-12-12T20:44:34.5014441Z tests/test_security_validators.py::TestValidatePort::test_invalid_port_rejected PASSED [ 83%]
2025-12-12T20:44:34.5036300Z tests/test_security_validators.py::TestValidatePort::test_privileged_ports_blocked PASSED [ 85%]
2025-12-12T20:44:34.5061262Z tests/test_security_validators.py::TestValidateSemver::test_valid_semver PASSED [ 86%]
2025-12-12T20:44:34.5085284Z tests/test_security_validators.py::TestValidateSemver::test_invalid_semver_rejected PASSED [ 87%]
2025-12-12T20:44:34.6074368Z tests/test_stack_script.py::test_dry_run_does_not_create_files PASSED    [ 89%]
2025-12-12T20:44:34.6478972Z tests/test_stack_script.py::test_safe_write_creates_backup PASSED        [ 90%]
2025-12-12T20:44:34.6858313Z tests/test_stack_script.py::test_force_mode_overwrites_without_backup PASSED [ 91%]
2025-12-12T20:44:34.7610893Z tests/test_stack_script.py::test_idempotency_for_pyproject_toml PASSED   [ 93%]
2025-12-12T20:44:34.7970053Z tests/test_stack_script.py::test_git_initialization PASSED               [ 94%]
2025-12-12T20:44:34.8408141Z tests/test_stack_script.py::test_project_structure_creation PASSED       [ 95%]
2025-12-12T20:44:34.8825250Z tests/test_stack_script.py::test_optional_dependencies_flag PASSED       [ 97%]
2025-12-12T20:44:34.9274766Z tests/test_stack_script.py::test_install_runtime_deps_flag PASSED        [ 98%]
2025-12-12T20:44:36.0533533Z tests/test_stack_script.py::test_python_version_detection PASSED         [100%]
2025-12-12T20:44:36.0535302Z ERROR: Coverage failure: total of 36 is less than fail-under=80
2025-12-12T20:44:36.0535589Z 
2025-12-12T20:44:36.0535596Z 
2025-12-12T20:44:36.0535719Z ================================== FAILURES ===================================
2025-12-12T20:44:36.0536143Z ______________ TestGuardPathTraversal.test_path_escapes_base_dir ______________
2025-12-12T20:44:36.0536454Z 
2025-12-12T20:44:36.0536762Z self = <tests.test_security_guards.TestGuardPathTraversal object at 0x000001FB433A4AF0>
2025-12-12T20:44:36.0537546Z tmp_path = WindowsPath('C:/Users/runneradmin/AppData/Local/Temp/pytest-of-runneradmin/pytest-0/test_path_escapes_base_dir0')
2025-12-12T20:44:36.0538061Z 
2025-12-12T20:44:36.0538231Z     def test_path_escapes_base_dir(self, tmp_path: Path) -> None:
2025-12-12T20:44:36.0538611Z         """Test that paths escaping base dir are blocked."""
2025-12-12T20:44:36.0538931Z         with TemporaryDirectory() as other_dir:
2025-12-12T20:44:36.0539256Z             with pytest.raises(SecurityError) as exc_info:
2025-12-12T20:44:36.0539590Z                 guard_path_traversal(Path(other_dir), tmp_path)
2025-12-12T20:44:36.0539948Z >           assert "escapes base directory" in str(exc_info.value)
2025-12-12T20:44:36.0540484Z E           AssertionError: assert 'escapes base directory' in '[path_traversal] Path traversal pattern detected: ~'
2025-12-12T20:44:36.0541298Z E            +  where '[path_traversal] Path traversal pattern detected: ~' = str(SecurityError('[path_traversal] Path traversal pattern detected: ~'))
2025-12-12T20:44:36.0543047Z E            +    where SecurityError('[path_traversal] Path traversal pattern detected: ~') = <ExceptionInfo SecurityError('[path_traversal] Path traversal pattern detected: ~') tblen=2>.value
2025-12-12T20:44:36.0543705Z 
2025-12-12T20:44:36.0543830Z tests\test_security_guards.py:60: AssertionError
2025-12-12T20:44:36.0544158Z =============================== tests coverage ================================
2025-12-12T20:44:36.0544557Z ______________ coverage: platform win32, python 3.13.11-final-0 _______________
2025-12-12T20:44:36.0544876Z 
2025-12-12T20:44:36.0545078Z Name                               Stmts   Miss Branch BrPart  Cover   Missing
2025-12-12T20:44:36.0545592Z ------------------------------------------------------------------------------
2025-12-12T20:44:36.0546178Z src\app\__init__.py                    1      0      0      0   100%
2025-12-12T20:44:36.0546503Z src\app\main.py                        8      2      0      0    75%   25-26
2025-12-12T20:44:36.0546828Z src\app\secure_system.py              45      0      2      0   100%
2025-12-12T20:44:36.0547162Z src\stack\__init__.py                  5      0      0      0   100%
2025-12-12T20:44:36.0547484Z src\stack\config\__init__.py           3      0      0      0   100%
2025-12-12T20:44:36.0547870Z src\stack\config\generators.py        34     25     14      0    19%   27-28, 124-182, 218, 264, 311, 349-357
2025-12-12T20:44:36.0548292Z src\stack\config\models.py            73      2     12      1    96%   235-236
2025-12-12T20:44:36.0548641Z src\stack\security\__init__.py         4      0      0      0   100%
2025-12-12T20:44:36.0549088Z src\stack\security\guards.py          83     25     44      4    66%   100-101, 109-110, 117->125, 119, 250->259, 253, 283-348
2025-12-12T20:44:36.0549572Z src\stack\security\sanitizers.py     104     95     58      0     6%   40-70, 100-152, 177-224, 244-260, 278-297
2025-12-12T20:44:36.0550181Z src\stack\security\validators.py     125     25     54     11    80%   54->56, 56->59, 65-66, 114-116, 160-161, 164-165, 196-198, 209-210, 212->221, 218-219, 251-252, 255-256, 259-260, 285-287
2025-12-12T20:44:36.0550725Z src\stack\utils\__init__.py            4      4      0      0     0%   3-7
2025-12-12T20:44:36.0551104Z src\stack\utils\filesystem.py        113    113     62      0     0%   8-349
2025-12-12T20:44:36.0551482Z src\stack\utils\logging.py            99     99     32      0     0%   8-324
2025-12-12T20:44:36.0552043Z src\stack\utils\subprocess.py         73     73     26      0     0%   8-340
2025-12-12T20:44:36.0552392Z ------------------------------------------------------------------------------
2025-12-12T20:44:36.0552698Z TOTAL                                774    463    304     16    36%
2025-12-12T20:44:36.0552958Z Coverage HTML written to dir htmlcov
2025-12-12T20:44:36.0553239Z Coverage XML written to file coverage.xml
2025-12-12T20:44:36.0553574Z FAIL Required test coverage of 80.0% not reached. Total coverage: 36.46%
2025-12-12T20:44:36.0553921Z =========================== short test summary info ===========================
2025-12-12T20:44:36.0554670Z FAILED tests/test_security_guards.py::TestGuardPathTraversal::test_path_escapes_base_dir - AssertionError: assert 'escapes base directory' in '[path_traversal] Path traversal pattern detected: ~'
2025-12-12T20:44:36.0555627Z  +  where '[path_traversal] Path traversal pattern detected: ~' = str(SecurityError('[path_traversal] Path traversal pattern detected: ~'))
2025-12-12T20:44:36.0556531Z  +    where SecurityError('[path_traversal] Path traversal pattern detected: ~') = <ExceptionInfo SecurityError('[path_traversal] Path traversal pattern detected: ~') tblen=2>.value
2025-12-12T20:44:36.0557191Z ======================== 1 failed, 73 passed in 3.97s =========================
2025-12-12T20:44:36.3998990Z ##[error]Process completed with exit code 1.
